<?xml version="1.0" encoding="UTF-8"?>
<testsuite name="qa.alved.test.sanbox.SquareTests" tests="1" skipped="0" failures="0" errors="0" timestamp="2021-02-05T13:04:23" hostname="SAHYNIA" time="0.033">
  <properties/>
  <testcase name="testArea()" classname="qa.alved.test.sanbox.SquareTests" time="0.033"/>
  <system-out><![CDATA[]]></system-out>
  <system-err><![CDATA[]]></system-err>
</testsuite>
